<?xml version="1.0" encoding="UTF-8"?>
<!-- Generated by org.testng.reporters.JUnitXMLReporter -->
<testsuite hostname="EPBYMINW4514" name="E-Mail testing" tests="8" failures="1" timestamp="25 Jul 2016 11:32:52 GMT" time="49.186" errors="0">
  <testcase name="loginTest" time="6.989" classname="com.epam.tat.selenium.tests.MailTest"/>
  <testcase name="composeMailTest" time="2.826" classname="com.epam.tat.selenium.tests.MailTest"/>
  <testcase name="saveMail" time="0.197" classname="com.epam.tat.selenium.tests.MailTest"/>
  <testcase name="checkDraftExists" time="1.376" classname="com.epam.tat.selenium.tests.MailTest"/>
  <testcase name="checkDraftContentTest" time="15.824" classname="com.epam.tat.selenium.tests.MailTest">
    <failure type="java.lang.AssertionError" message="Not all elements were found successfully. expected [true] but found [false]">
      <![CDATA[java.lang.AssertionError: Not all elements were found successfully. expected [true] but found [false]
	at com.epam.tat.selenium.tests.MailTest.checkDraftContentTest(MailTest.java:52)
	at com.epam.tat.selenium.runner.TestRunner.main(TestRunner.java:30)
... Removed 25 stack frames]]>
    </failure>
  </testcase> <!-- checkDraftContentTest -->
  <testcase name="sendEmail" time="0.564" classname="com.epam.tat.selenium.tests.MailTest"/>
  <testcase name="checkEmailNotAtDrafts" time="0.458" classname="com.epam.tat.selenium.tests.MailTest"/>
  <testcase name="checkThatEmailWasSend" time="2.528" classname="com.epam.tat.selenium.tests.MailTest"/>
</testsuite> <!-- E-Mail testing -->
