<html>
<head>
<title>TestNG:  E-Mail testing</title>
<link href="../testng.css" rel="stylesheet" type="text/css" />
<link href="../my-testng.css" rel="stylesheet" type="text/css" />

<style type="text/css">
.log { display: none;} 
.stack-trace { display: none;} 
</style>
<script type="text/javascript">
<!--
function flip(e) {
  current = e.style.display;
  if (current == 'block') {
    e.style.display = 'none';
    return 0;
  }
  else {
    e.style.display = 'block';
    return 1;
  }
}

function toggleBox(szDivId, elem, msg1, msg2)
{
  var res = -1;  if (document.getElementById) {
    res = flip(document.getElementById(szDivId));
  }
  else if (document.all) {
    // this is the way old msie versions work
    res = flip(document.all[szDivId]);
  }
  if(elem) {
    if(res == 0) elem.innerHTML = msg1; else elem.innerHTML = msg2;
  }

}

function toggleAllBoxes() {
  if (document.getElementsByTagName) {
    d = document.getElementsByTagName('div');
    for (i = 0; i < d.length; i++) {
      if (d[i].className == 'log') {
        flip(d[i]);
      }
    }
  }
}

// -->
</script>

</head>
<body>
<h2 align='center'>E-Mail testing</h2><table border='1' align="center">
<tr>
<td>Tests passed/Failed/Skipped:</td><td>7/1/0</td>
</tr><tr>
<td>Started on:</td><td>Mon Jul 25 14:32:03 MSK 2016</td>
</tr>
<tr><td>Total time:</td><td>49 seconds (49186 ms)</td>
</tr><tr>
<td>Included groups:</td><td></td>
</tr><tr>
<td>Excluded groups:</td><td></td>
</tr>
</table><p/>
<small><i>(Hover the method name to see the test class name)</i></small><p/>
<table width='100%' border='1' class='invocation-failed'>
<tr><td colspan='4' align='center'><b>FAILED TESTS</b></td></tr>
<tr><td><b>Test method</b></td>
<td width="30%"><b>Exception</b></td>
<td width="10%"><b>Time (seconds)</b></td>
<td><b>Instance</b></td>
</tr>
<tr>
<td title='com.epam.tat.selenium.tests.MailTest.checkDraftContentTest()'><b>checkDraftContentTest</b><br>Test class: com.epam.tat.selenium.tests.MailTest<br>Test method: open previously saved mail and check if content was saved properly</td>
<td><div><pre>java.lang.AssertionError: Not all elements were found successfully. expected [true] but found [false]
	at com.epam.tat.selenium.tests.MailTest.checkDraftContentTest(MailTest.java:52)
	at com.epam.tat.selenium.runner.TestRunner.main(TestRunner.java:30)
... Removed 25 stack frames</pre></div><a href='#' onClick='toggleBox("stack-trace1365711624", this, "Click to show all stack frames", "Click to hide stack frames")'>Click to show all stack frames</a>
<div class='stack-trace' id='stack-trace1365711624'><pre>java.lang.AssertionError: Not all elements were found successfully. expected [true] but found [false]
	at org.testng.Assert.fail(Assert.java:94)
	at org.testng.Assert.failNotEquals(Assert.java:496)
	at org.testng.Assert.assertTrue(Assert.java:42)
	at com.epam.tat.selenium.tests.MailTest.checkDraftContentTest(MailTest.java:52)
	at sun.reflect.NativeMethodAccessorImpl.invoke0(Native Method)
	at sun.reflect.NativeMethodAccessorImpl.invoke(Unknown Source)
	at sun.reflect.DelegatingMethodAccessorImpl.invoke(Unknown Source)
	at java.lang.reflect.Method.invoke(Unknown Source)
	at org.testng.internal.MethodInvocationHelper.invokeMethod(MethodInvocationHelper.java:85)
	at org.testng.internal.Invoker.invokeMethod(Invoker.java:639)
	at org.testng.internal.Invoker.invokeTestMethod(Invoker.java:816)
	at org.testng.internal.Invoker.invokeTestMethods(Invoker.java:1124)
	at org.testng.internal.TestMethodWorker.invokeTestMethods(TestMethodWorker.java:125)
	at org.testng.internal.TestMethodWorker.run(TestMethodWorker.java:108)
	at org.testng.TestRunner.privateRun(TestRunner.java:774)
	at org.testng.TestRunner.run(TestRunner.java:624)
	at org.testng.SuiteRunner.runTest(SuiteRunner.java:359)
	at org.testng.SuiteRunner.runSequentially(SuiteRunner.java:354)
	at org.testng.SuiteRunner.privateRun(SuiteRunner.java:312)
	at org.testng.SuiteRunner.run(SuiteRunner.java:261)
	at org.testng.SuiteRunnerWorker.runSuite(SuiteRunnerWorker.java:52)
	at org.testng.SuiteRunnerWorker.run(SuiteRunnerWorker.java:86)
	at org.testng.TestNG.runSuitesSequentially(TestNG.java:1215)
	at org.testng.TestNG.runSuitesSequentially(TestNG.java:1211)
	at org.testng.TestNG.runSuitesLocally(TestNG.java:1140)
	at org.testng.TestNG.run(TestNG.java:1048)
	at com.epam.tat.selenium.runner.TestRunner.main(TestRunner.java:30)
</pre></div></td>
<td>15</td>
<td>com.epam.tat.selenium.tests.MailTest@546a03af</td></tr>
</table><p>
<table width='100%' border='1' class='invocation-passed'>
<tr><td colspan='4' align='center'><b>PASSED TESTS</b></td></tr>
<tr><td><b>Test method</b></td>
<td width="30%"><b>Exception</b></td>
<td width="10%"><b>Time (seconds)</b></td>
<td><b>Instance</b></td>
</tr>
<tr>
<td title='com.epam.tat.selenium.tests.MailTest.checkDraftExists()'><b>checkDraftExists</b><br>Test class: com.epam.tat.selenium.tests.MailTest<br>Test method: go to draft folder and check that email presents there</td>
<td></td>
<td>1</td>
<td>com.epam.tat.selenium.tests.MailTest@546a03af</td></tr>
<tr>
<td title='com.epam.tat.selenium.tests.MailTest.checkEmailNotAtDrafts()'><b>checkEmailNotAtDrafts</b><br>Test class: com.epam.tat.selenium.tests.MailTest<br>Test method: go to "sent" folder and check if message presents there</td>
<td></td>
<td>0</td>
<td>com.epam.tat.selenium.tests.MailTest@546a03af</td></tr>
<tr>
<td title='com.epam.tat.selenium.tests.MailTest.checkThatEmailWasSend()'><b>checkThatEmailWasSend</b><br>Test class: com.epam.tat.selenium.tests.MailTest<br>Test method: go to draft and make sure that email no longer presents at this folder</td>
<td></td>
<td>2</td>
<td>com.epam.tat.selenium.tests.MailTest@546a03af</td></tr>
<tr>
<td title='com.epam.tat.selenium.tests.MailTest.composeMailTest()'><b>composeMailTest</b><br>Test class: com.epam.tat.selenium.tests.MailTest<br>Test method: compose email to be send to user2, subject and text fields should be generated automaticly</td>
<td></td>
<td>2</td>
<td>com.epam.tat.selenium.tests.MailTest@546a03af</td></tr>
<tr>
<td title='com.epam.tat.selenium.tests.MailTest.loginTest()'><b>loginTest</b><br>Test class: com.epam.tat.selenium.tests.MailTest<br>Test method: input login, password, press login button, check that login was successful</td>
<td></td>
<td>6</td>
<td>com.epam.tat.selenium.tests.MailTest@546a03af</td></tr>
<tr>
<td title='com.epam.tat.selenium.tests.MailTest.saveMail()'><b>saveMail</b><br>Test class: com.epam.tat.selenium.tests.MailTest<br>Test method: after composing email press "save mail" button</td>
<td></td>
<td>0</td>
<td>com.epam.tat.selenium.tests.MailTest@546a03af</td></tr>
<tr>
<td title='com.epam.tat.selenium.tests.MailTest.sendEmail()'><b>sendEmail</b><br>Test class: com.epam.tat.selenium.tests.MailTest<br>Test method: press "send" button to send the mail</td>
<td></td>
<td>0</td>
<td>com.epam.tat.selenium.tests.MailTest@546a03af</td></tr>
</table><p>
</body>
</html>