<?xml version="1.0" encoding="UTF-8"?>
<!-- Generated by org.testng.reporters.JUnitXMLReporter -->
<testsuite hostname="EPBYMINW4514" name="E-Mail testing" tests="8" failures="1" timestamp="25 Jul 2016 11:34:09 GMT" time="43.109" errors="0">
  <testcase name="loginTest" time="10.069" classname="com.epam.tat.selenium.tests.MailTest"/>
  <testcase name="composeMailTest" time="2.786" classname="com.epam.tat.selenium.tests.MailTest"/>
  <testcase name="saveMail" time="0.172" classname="com.epam.tat.selenium.tests.MailTest"/>
  <testcase name="checkDraftExists" time="15.47" classname="com.epam.tat.selenium.tests.MailTest">
    <failure type="org.openqa.selenium.StaleElementReferenceException" message="Element not found in the cache - perhaps the page has changed since it was looked up
Command duration or timeout: 15.19 seconds
For documentation on this error, please visit: http://seleniumhq.org/exceptions/stale_element_reference.html
Build info: version: &amp;apos;2.53.1&amp;apos;, revision: &amp;apos;a36b8b1cd5757287168e54b817830adce9b0158d&amp;apos;, time: &amp;apos;2016-06-30 19:26:09&amp;apos;
System info: host: &amp;apos;EPBYMINW4514&amp;apos;, ip: &amp;apos;10.6.176.34&amp;apos;, os.name: &amp;apos;Windows 7&amp;apos;, os.arch: &amp;apos;amd64&amp;apos;, os.version: &amp;apos;6.1&amp;apos;, java.version: &amp;apos;1.8.0_73&amp;apos;
Driver info: org.openqa.selenium.firefox.FirefoxDriver
Capabilities [{applicationCacheEnabled=true, rotatable=false, handlesAlerts=true, databaseEnabled=true, version=47.0.1, platform=WINDOWS, nativeEvents=false, acceptSslCerts=true, webStorageEnabled=true, locationContextEnabled=true, browserName=firefox, takesScreenshot=true, javascriptEnabled=true, cssSelectorsEnabled=true}]
Session ID: 9215cc9e-25a6-445b-9464-b06cdaadc205">
      <![CDATA[org.openqa.selenium.StaleElementReferenceException: Element not found in the cache - perhaps the page has changed since it was looked up
Command duration or timeout: 15.19 seconds
For documentation on this error, please visit: http://seleniumhq.org/exceptions/stale_element_reference.html
Build info: version: '2.53.1', revision: 'a36b8b1cd5757287168e54b817830adce9b0158d', time: '2016-06-30 19:26:09'
System info: host: 'EPBYMINW4514', ip: '10.6.176.34', os.name: 'Windows 7', os.arch: 'amd64', os.version: '6.1', java.version: '1.8.0_73'
Driver info: org.openqa.selenium.firefox.FirefoxDriver
Capabilities [{applicationCacheEnabled=true, rotatable=false, handlesAlerts=true, databaseEnabled=true, version=47.0.1, platform=WINDOWS, nativeEvents=false, acceptSslCerts=true, webStorageEnabled=true, locationContextEnabled=true, browserName=firefox, takesScreenshot=true, javascriptEnabled=true, cssSelectorsEnabled=true}]
Session ID: 9215cc9e-25a6-445b-9464-b06cdaadc205
	at org.openqa.selenium.remote.ErrorHandler.createThrowable(ErrorHandler.java:206)
	at org.openqa.selenium.remote.ErrorHandler.throwIfResponseFailed(ErrorHandler.java:158)
	at org.openqa.selenium.remote.RemoteWebDriver.execute(RemoteWebDriver.java:678)
	at org.openqa.selenium.remote.RemoteWebElement.execute(RemoteWebElement.java:327)
	at org.openqa.selenium.remote.RemoteWebElement.click(RemoteWebElement.java:85)
	at com.epam.tat.selenium.tests.BasicTest.goToDraft(BasicTest.java:68)
	at com.epam.tat.selenium.tests.MailTest.checkDraft(MailTest.java:103)
	at com.epam.tat.selenium.tests.MailTest.checkDraftExists(MailTest.java:47)
Caused by: org.openqa.selenium.StaleElementReferenceException: Element not found in the cache - perhaps the page has changed since it was looked up
For documentation on this error, please visit: http://seleniumhq.org/exceptions/stale_element_reference.html
Build info: version: '2.53.1', revision: 'a36b8b1cd5757287168e54b817830adce9b0158d', time: '2016-06-30 19:26:09'
System info: host: 'EPBYMINW4514', ip: '10.6.176.34', os.name: 'Windows 7', os.arch: 'amd64', os.version: '6.1', java.version: '1.8.0_73'
Driver info: driver.version: unknown
	at <anonymous class>.fxdriver.cache.getElementAt(resource://fxdriver/modules/web-element-cache.js:9454)
	at <anonymous class>.Utils.getElementAt(file:///C:/Users/Katsiaryna_Pilnikava/AppData/Local/Temp/anonymous7868098661135240250webdriver-profile/extensions/fxdriver@googlecode.com/components/command-processor.js:9039)
	at <anonymous class>.fxdriver.preconditions.visible(file:///C:/Users/Katsiaryna_Pilnikava/AppData/Local/Temp/anonymous7868098661135240250webdriver-profile/extensions/fxdriver@googlecode.com/components/command-processor.js:10090)
	at <anonymous class>.DelayedCommand.prototype.checkPreconditions_(file:///C:/Users/Katsiaryna_Pilnikava/AppData/Local/Temp/anonymous7868098661135240250webdriver-profile/extensions/fxdriver@googlecode.com/components/command-processor.js:12644)
	at <anonymous class>.DelayedCommand.prototype.executeInternal_/h(file:///C:/Users/Katsiaryna_Pilnikava/AppData/Local/Temp/anonymous7868098661135240250webdriver-profile/extensions/fxdriver@googlecode.com/components/command-processor.js:12661)
	at <anonymous class>.fxdriver.Timer.prototype.setTimeout/<.notify(file:///C:/Users/Katsiaryna_Pilnikava/AppData/Local/Temp/anonymous7868098661135240250webdriver-profile/extensions/fxdriver@googlecode.com/components/command-processor.js:625)
... Removed 31 stack frames]]>
    </failure>
  </testcase> <!-- checkDraftExists -->
  <testcase name="checkDraftContentTest" time="0.0" classname="com.epam.tat.selenium.tests.MailTest">
    <skipped/>
  </testcase> <!-- checkDraftContentTest -->
  <testcase name="sendEmail" time="0.0" classname="com.epam.tat.selenium.tests.MailTest">
    <skipped/>
  </testcase> <!-- sendEmail -->
  <testcase name="checkEmailNotAtDrafts" time="0.0" classname="com.epam.tat.selenium.tests.MailTest">
    <skipped/>
  </testcase> <!-- checkEmailNotAtDrafts -->
  <testcase name="checkThatEmailWasSend" time="0.0" classname="com.epam.tat.selenium.tests.MailTest">
    <skipped/>
  </testcase> <!-- checkThatEmailWasSend -->
</testsuite> <!-- E-Mail testing -->
