<!DOCTYPE html PUBLIC "-//W3C//DTD XHTML 1.1//EN" "http://www.w3.org/TR/xhtml11/DTD/xhtml11.dtd">
<html xmlns="http://www.w3.org/1999/xhtml"><head><title>TestNG Report</title><style type="text/css">table {margin-bottom:10px;border-collapse:collapse;empty-cells:show}th,td {border:1px solid #009;padding:.25em .5em}th {vertical-align:bottom}td {vertical-align:top}table a {font-weight:bold}.stripe td {background-color: #E6EBF9}.num {text-align:right}.passedodd td {background-color: #3F3}.passedeven td {background-color: #0A0}.skippedodd td {background-color: #DDD}.skippedeven td {background-color: #CCC}.failedodd td,.attn {background-color: #F33}.failedeven td,.stripe .attn {background-color: #D00}.stacktrace {white-space:pre;font-family:monospace}.totop {font-size:85%;text-align:center;border-bottom:2px solid #000}</style></head><body><table><tr><th>Test</th><th># Passed</th><th># Skipped</th><th># Failed</th><th>Time (ms)</th><th>Included Groups</th><th>Excluded Groups</th></tr><tr><th colspan="7">Selenium tests suite</th></tr><tr><td><a href="#t0">E-Mail testing</a></td><td class="num">3</td><td class="num attn">4</td><td class="num attn">1</td><td class="num">43,109</td><td></td><td></td></tr></table><table><thead><tr><th>Class</th><th>Method</th><th>Start</th><th>Time (ms)</th></tr></thead><tbody><tr><th colspan="4">Selenium tests suite</th></tr></tbody><tbody id="t0"><tr><th colspan="4">E-Mail testing &#8212; failed</th></tr><tr class="failedeven"><td rowspan="1">com.epam.tat.selenium.tests.MailTest</td><td><a href="#m0">checkDraftExists</a></td><td rowspan="1">1469446424856</td><td rowspan="1">15470</td></tr><tr><th colspan="4">E-Mail testing &#8212; skipped</th></tr><tr class="skippedeven"><td rowspan="4">com.epam.tat.selenium.tests.MailTest</td><td><a href="#m1">checkDraftContentTest</a></td><td rowspan="1">1469446440343</td><td rowspan="1">0</td></tr><tr class="skippedeven"><td><a href="#m2">checkEmailNotAtDrafts</a></td><td rowspan="1">1469446440344</td><td rowspan="1">0</td></tr><tr class="skippedeven"><td><a href="#m3">checkThatEmailWasSend</a></td><td rowspan="1">1469446440344</td><td rowspan="1">0</td></tr><tr class="skippedeven"><td><a href="#m4">sendEmail</a></td><td rowspan="1">1469446440344</td><td rowspan="1">0</td></tr><tr><th colspan="4">E-Mail testing &#8212; passed</th></tr><tr class="passedeven"><td rowspan="3">com.epam.tat.selenium.tests.MailTest</td><td><a href="#m5">composeMailTest</a></td><td rowspan="1">1469446421898</td><td rowspan="1">2786</td></tr><tr class="passedeven"><td><a href="#m6">loginTest</a></td><td rowspan="1">1469446411827</td><td rowspan="1">10069</td></tr><tr class="passedeven"><td><a href="#m7">saveMail</a></td><td rowspan="1">1469446424684</td><td rowspan="1">172</td></tr></tbody></table><h2>E-Mail testing</h2><h3 id="m0">com.epam.tat.selenium.tests.MailTest#checkDraftExists</h3><table class="result"><tr><th>Exception</th></tr><tr><td><div class="stacktrace">org.openqa.selenium.StaleElementReferenceException: Element not found in the cache - perhaps the page has changed since it was looked up
Command duration or timeout: 15.19 seconds
For documentation on this error, please visit: http://seleniumhq.org/exceptions/stale_element_reference.html
Build info: version: &apos;2.53.1&apos;, revision: &apos;a36b8b1cd5757287168e54b817830adce9b0158d&apos;, time: &apos;2016-06-30 19:26:09&apos;
System info: host: &apos;EPBYMINW4514&apos;, ip: &apos;10.6.176.34&apos;, os.name: &apos;Windows 7&apos;, os.arch: &apos;amd64&apos;, os.version: &apos;6.1&apos;, java.version: &apos;1.8.0_73&apos;
Driver info: org.openqa.selenium.firefox.FirefoxDriver
Capabilities [{applicationCacheEnabled=true, rotatable=false, handlesAlerts=true, databaseEnabled=true, version=47.0.1, platform=WINDOWS, nativeEvents=false, acceptSslCerts=true, webStorageEnabled=true, locationContextEnabled=true, browserName=firefox, takesScreenshot=true, javascriptEnabled=true, cssSelectorsEnabled=true}]
Session ID: 9215cc9e-25a6-445b-9464-b06cdaadc205
	at org.openqa.selenium.remote.ErrorHandler.createThrowable(ErrorHandler.java:206)
	at org.openqa.selenium.remote.ErrorHandler.throwIfResponseFailed(ErrorHandler.java:158)
	at org.openqa.selenium.remote.RemoteWebDriver.execute(RemoteWebDriver.java:678)
	at org.openqa.selenium.remote.RemoteWebElement.execute(RemoteWebElement.java:327)
	at org.openqa.selenium.remote.RemoteWebElement.click(RemoteWebElement.java:85)
	at com.epam.tat.selenium.tests.BasicTest.goToDraft(BasicTest.java:68)
	at com.epam.tat.selenium.tests.MailTest.checkDraft(MailTest.java:103)
	at com.epam.tat.selenium.tests.MailTest.checkDraftExists(MailTest.java:47)
Caused by: org.openqa.selenium.StaleElementReferenceException: Element not found in the cache - perhaps the page has changed since it was looked up
For documentation on this error, please visit: http://seleniumhq.org/exceptions/stale_element_reference.html
Build info: version: &apos;2.53.1&apos;, revision: &apos;a36b8b1cd5757287168e54b817830adce9b0158d&apos;, time: &apos;2016-06-30 19:26:09&apos;
System info: host: &apos;EPBYMINW4514&apos;, ip: &apos;10.6.176.34&apos;, os.name: &apos;Windows 7&apos;, os.arch: &apos;amd64&apos;, os.version: &apos;6.1&apos;, java.version: &apos;1.8.0_73&apos;
Driver info: driver.version: unknown
	at &lt;anonymous class&gt;.fxdriver.cache.getElementAt(resource://fxdriver/modules/web-element-cache.js:9454)
	at &lt;anonymous class&gt;.Utils.getElementAt(file:///C:/Users/Katsiaryna_Pilnikava/AppData/Local/Temp/anonymous7868098661135240250webdriver-profile/extensions/fxdriver@googlecode.com/components/command-processor.js:9039)
	at &lt;anonymous class&gt;.fxdriver.preconditions.visible(file:///C:/Users/Katsiaryna_Pilnikava/AppData/Local/Temp/anonymous7868098661135240250webdriver-profile/extensions/fxdriver@googlecode.com/components/command-processor.js:10090)
	at &lt;anonymous class&gt;.DelayedCommand.prototype.checkPreconditions_(file:///C:/Users/Katsiaryna_Pilnikava/AppData/Local/Temp/anonymous7868098661135240250webdriver-profile/extensions/fxdriver@googlecode.com/components/command-processor.js:12644)
	at &lt;anonymous class&gt;.DelayedCommand.prototype.executeInternal_/h(file:///C:/Users/Katsiaryna_Pilnikava/AppData/Local/Temp/anonymous7868098661135240250webdriver-profile/extensions/fxdriver@googlecode.com/components/command-processor.js:12661)
	at &lt;anonymous class&gt;.fxdriver.Timer.prototype.setTimeout/&lt;.notify(file:///C:/Users/Katsiaryna_Pilnikava/AppData/Local/Temp/anonymous7868098661135240250webdriver-profile/extensions/fxdriver@googlecode.com/components/command-processor.js:625)
... Removed 31 stack frames</div></td></tr></table><p class="totop"><a href="#summary">back to summary</a></p><h3 id="m1">com.epam.tat.selenium.tests.MailTest#checkDraftContentTest</h3><table class="result"><tr><th>Exception</th></tr><tr><td><div class="stacktrace">java.lang.Throwable: Method MailTest.checkDraftContentTest()[pri:0, instance:com.epam.tat.selenium.tests.MailTest@6a024a67] depends on not successfully finished methods
... Removed 20 stack frames</div></td></tr></table><p class="totop"><a href="#summary">back to summary</a></p><h3 id="m2">com.epam.tat.selenium.tests.MailTest#checkEmailNotAtDrafts</h3><table class="result"><tr><th>Exception</th></tr><tr><td><div class="stacktrace">java.lang.Throwable: Method MailTest.checkEmailNotAtDrafts()[pri:0, instance:com.epam.tat.selenium.tests.MailTest@6a024a67] depends on not successfully finished methods
... Removed 20 stack frames</div></td></tr></table><p class="totop"><a href="#summary">back to summary</a></p><h3 id="m3">com.epam.tat.selenium.tests.MailTest#checkThatEmailWasSend</h3><table class="result"><tr><th>Exception</th></tr><tr><td><div class="stacktrace">java.lang.Throwable: Method MailTest.checkThatEmailWasSend()[pri:0, instance:com.epam.tat.selenium.tests.MailTest@6a024a67] depends on not successfully finished methods
... Removed 20 stack frames</div></td></tr></table><p class="totop"><a href="#summary">back to summary</a></p><h3 id="m4">com.epam.tat.selenium.tests.MailTest#sendEmail</h3><table class="result"><tr><th>Exception</th></tr><tr><td><div class="stacktrace">java.lang.Throwable: Method MailTest.sendEmail()[pri:0, instance:com.epam.tat.selenium.tests.MailTest@6a024a67] depends on not successfully finished methods
... Removed 20 stack frames</div></td></tr></table><p class="totop"><a href="#summary">back to summary</a></p><h3 id="m5">com.epam.tat.selenium.tests.MailTest#composeMailTest</h3><table class="result"></table><p class="totop"><a href="#summary">back to summary</a></p><h3 id="m6">com.epam.tat.selenium.tests.MailTest#loginTest</h3><table class="result"></table><p class="totop"><a href="#summary">back to summary</a></p><h3 id="m7">com.epam.tat.selenium.tests.MailTest#saveMail</h3><table class="result"></table><p class="totop"><a href="#summary">back to summary</a></p></body></html>