<?xml version="1.0" encoding="UTF-8"?>
<!-- Generated by org.testng.reporters.JUnitReportReporter -->
<testsuite hostname="EPBYMINW4514" name="com.epam.tat.selenium.tests.MailTest" tests="8" failures="1" timestamp="25 Jul 2016 11:32:52 GMT" time="30.762" errors="0">
  <testcase name="composeMailTest" time="2.826" classname="com.epam.tat.selenium.tests.MailTest"/>
  <testcase name="checkThatEmailWasSend" time="2.528" classname="com.epam.tat.selenium.tests.MailTest"/>
  <testcase name="saveMail" time="0.197" classname="com.epam.tat.selenium.tests.MailTest"/>
  <testcase name="sendEmail" time="0.564" classname="com.epam.tat.selenium.tests.MailTest"/>
  <testcase name="checkDraftExists" time="1.376" classname="com.epam.tat.selenium.tests.MailTest"/>
  <testcase name="loginTest" time="6.989" classname="com.epam.tat.selenium.tests.MailTest"/>
  <testcase name="checkEmailNotAtDrafts" time="0.458" classname="com.epam.tat.selenium.tests.MailTest"/>
  <testcase name="checkDraftContentTest" time="15.824" classname="com.epam.tat.selenium.tests.MailTest">
    <failure type="java.lang.AssertionError" message="Not all elements were found successfully. expected [true] but found [false]">
      <![CDATA[java.lang.AssertionError: Not all elements were found successfully. expected [true] but found [false]
	at org.testng.Assert.fail(Assert.java:94)
	at org.testng.Assert.failNotEquals(Assert.java:496)
	at org.testng.Assert.assertTrue(Assert.java:42)
	at com.epam.tat.selenium.tests.MailTest.checkDraftContentTest(MailTest.java:52)
	at sun.reflect.NativeMethodAccessorImpl.invoke0(Native Method)
	at sun.reflect.NativeMethodAccessorImpl.invoke(Unknown Source)
	at sun.reflect.DelegatingMethodAccessorImpl.invoke(Unknown Source)
	at java.lang.reflect.Method.invoke(Unknown Source)
	at org.testng.internal.MethodInvocationHelper.invokeMethod(MethodInvocationHelper.java:85)
	at org.testng.internal.Invoker.invokeMethod(Invoker.java:639)
	at org.testng.internal.Invoker.invokeTestMethod(Invoker.java:816)
	at org.testng.internal.Invoker.invokeTestMethods(Invoker.java:1124)
	at org.testng.internal.TestMethodWorker.invokeTestMethods(TestMethodWorker.java:125)
	at org.testng.internal.TestMethodWorker.run(TestMethodWorker.java:108)
	at org.testng.TestRunner.privateRun(TestRunner.java:774)
	at org.testng.TestRunner.run(TestRunner.java:624)
	at org.testng.SuiteRunner.runTest(SuiteRunner.java:359)
	at org.testng.SuiteRunner.runSequentially(SuiteRunner.java:354)
	at org.testng.SuiteRunner.privateRun(SuiteRunner.java:312)
	at org.testng.SuiteRunner.run(SuiteRunner.java:261)
	at org.testng.SuiteRunnerWorker.runSuite(SuiteRunnerWorker.java:52)
	at org.testng.SuiteRunnerWorker.run(SuiteRunnerWorker.java:86)
	at org.testng.TestNG.runSuitesSequentially(TestNG.java:1215)
	at org.testng.TestNG.runSuitesSequentially(TestNG.java:1211)
	at org.testng.TestNG.runSuitesLocally(TestNG.java:1140)
	at org.testng.TestNG.run(TestNG.java:1048)
	at com.epam.tat.selenium.runner.TestRunner.main(TestRunner.java:30)
]]>
    </failure>
  </testcase> <!-- checkDraftContentTest -->
</testsuite> <!-- com.epam.tat.selenium.tests.MailTest -->
